Arguments: 
  C:\Program Files\nodejs\node.exe C:\Users\pauli\AppData\Roaming\npm\node_modules\yarn\bin\yarn.js add express@4.17.1

PATH: 
  C:\Users\pauli\bin;C:\Program Files\Git\mingw64\bin;C:\Program Files\Git\usr\local\bin;C:\Program Files\Git\usr\bin;C:\Program Files\Git\usr\bin;C:\Program Files\Git\mingw64\bin;C:\Program Files\Git\usr\bin;C:\Users\pauli\bin;C:\Python310\Scripts;C:\Python310;C:\WINDOWS\system32;C:\WINDOWS;C:\WINDOWS\System32\Wbem;C:\WINDOWS\System32\WindowsPowerShell\v1.0;C:\WINDOWS\System32\OpenSSH;C:\Program Files\Git\cmd;C:\Program Files\nodejs;C:\ProgramData\chocolatey\bin;C:\Program Files\heroku\bin;C:\Users\pauli\AppData\Local\Microsoft\WindowsApps;C:\Users\pauli\AppData\Local\atom\bin;C:\Users\pauli\OneDrive\Pulpit\IT\projekty\project-pizzeria\heroku\bin;C:\Users\pauli\AppData\Local\Programs\Microsoft VS Code\bin;C:\Users\pauli\AppData\Roaming\npm;%USERPROFILE%\AppData\Local\Microsoft\WindowsApps;C:\Program Files\Git\usr\bin\vendor_perl;C:\Program Files\Git\usr\bin\core_perl

Yarn version: 
  1.22.17

Node version: 
  16.13.0

Platform: 
  win32 x64

Trace: 
  SyntaxError: C:\Users\pauli\OneDrive\Pulpit\IT\projekty\Express\package.json: Unexpected end of JSON input
      at JSON.parse (<anonymous>)
      at C:\Users\pauli\AppData\Roaming\npm\node_modules\yarn\lib\cli.js:1625:59
      at Generator.next (<anonymous>)
      at step (C:\Users\pauli\AppData\Roaming\npm\node_modules\yarn\lib\cli.js:310:30)
      at C:\Users\pauli\AppData\Roaming\npm\node_modules\yarn\lib\cli.js:321:13

npm manifest: 
  

yarn manifest: 
  No manifest

Lockfile: 
  No lockfile
